<?xml version="1.0" encoding="utf-8"?><testsuites name="pytest tests"><testsuite name="pytest" errors="0" failures="0" skipped="0" tests="25" time="21.045" timestamp="2026-06-13T04:56:21.349233+00:00" hostname="agent-env-c22f72dc-7c05-43d4-8d7b-3dce34ff9685"><testcase classname="backend.tests.backend_test" name="test_root_health" time="0.894" /><testcase classname="backend.tests.backend_test" name="test_stats" time="0.147" /><testcase classname="backend.tests.backend_test" name="test_case_studies" time="0.188" /><testcase classname="backend.tests.backend_test" name="test_testimonials" time="0.136" /><testcase classname="backend.tests.backend_test" name="test_careers_openings" time="0.178" /><testcase classname="backend.tests.backend_test" name="test_case_studies_includes_ayurveda" time="0.188" /><testcase classname="backend.tests.backend_test" name="test_testimonials_includes_ayurveda" time="0.180" /><testcase classname="backend.tests.backend_test" name="test_blog_seeded_six" time="0.133" /><testcase classname="backend.tests.backend_test" name="test_blog_categories" time="0.171" /><testcase classname="backend.tests.backend_test" name="test_blog_detail_and_related" time="0.298" /><testcase classname="backend.tests.backend_test" name="test_blog_detail_not_found" time="0.164" /><testcase classname="backend.tests.backend_test" name="test_blog_crud_lifecycle" time="0.748" /><testcase classname="backend.tests.backend_test" name="test_create_lead_form_types[proposal]" time="0.156" /><testcase classname="backend.tests.backend_test" name="test_create_lead_form_types[project_inquiry]" time="0.144" /><testcase classname="backend.tests.backend_test" name="test_create_lead_form_types[recruitment]" time="0.139" /><testcase classname="backend.tests.backend_test" name="test_create_lead_form_types[partnership]" time="0.151" /><testcase classname="backend.tests.backend_test" name="test_create_lead_form_types[consultation]" time="0.150" /><testcase classname="backend.tests.backend_test" name="test_create_lead_form_types[contact]" time="0.141" /><testcase classname="backend.tests.backend_test" name="test_create_lead_form_types[newsletter]" time="0.157" /><testcase classname="backend.tests.backend_test" name="test_list_leads_filter" time="0.301" /><testcase classname="backend.tests.backend_test" name="test_newsletter_subscribe_and_duplicate" time="0.312" /><testcase classname="backend.tests.backend_test" name="test_careers_apply_multipart" time="0.337" /><testcase classname="backend.tests.backend_test" name="test_create_lead_expanded_fields" time="0.286" /><testcase classname="backend.tests.backend_test" name="test_chat_stream_basic" time="5.693" /><testcase classname="backend.tests.backend_test" name="test_chat_lead_capture" time="7.524" /></testsuite></testsuites>